  File.cpp
  KeyLog.cpp
c:\dev\kengine\kengine\kengine\src\keylog.cpp(9): warning C4244: 'initializing': conversion from '_Rep' to 'DWORD', possible loss of data
          with
          [
              _Rep=__int64
          ]
c:\dev\kengine\kengine\kengine\src\keylog.cpp(219): warning C4244: '=': conversion from '_Rep' to 'DWORD', possible loss of data
          with
          [
              _Rep=__int64
          ]
c:\dev\kengine\kengine\kengine\src\keylog.cpp(294): warning C4244: '=': conversion from '_Rep' to 'DWORD', possible loss of data
          with
          [
              _Rep=__int64
          ]
c:\dev\kengine\kengine\kengine\src\keylog.cpp(303): warning C4244: '=': conversion from 'DWORD' to 'WORD', possible loss of data
  Generating Code...
  Kengine.vcxproj -> C:\dev\Kengine\Kengine\Kengine\bin\Debug\Kengine.lib
